[debug] [2022-11-10T10:29:49.512Z] ----------------------------------------------------------------------
[debug] [2022-11-10T10:29:49.513Z] Command:       C:\Program Files (x86)\nodejs\node.exe C:\Users\fujii akihiro\AppData\Roaming\npm\node_modules\firebase-tools\lib\bin\firebase.js init
[debug] [2022-11-10T10:29:49.514Z] CLI Version:   11.16.0
[debug] [2022-11-10T10:29:49.514Z] Platform:      win32
[debug] [2022-11-10T10:29:49.514Z] Node Version:  v16.18.0
[debug] [2022-11-10T10:29:49.515Z] Time:          Thu Nov 10 2022 19:29:49 GMT+0900 (日本標準時)
[debug] [2022-11-10T10:29:49.515Z] ----------------------------------------------------------------------
[debug] 
[debug] [2022-11-10T10:29:49.518Z] >>> [apiv2][query] GET https://firebase-public.firebaseio.com/cli.json [none]
[debug] [2022-11-10T10:29:49.579Z] > command requires scopes: ["email","openid","https://www.googleapis.com/auth/cloudplatformprojects.readonly","https://www.googleapis.com/auth/firebase","https://www.googleapis.com/auth/cloud-platform"]
[debug] [2022-11-10T10:29:49.579Z] > authorizing via signed-in user (af7.10gikilli@gmail.com)
[info] 
     ######## #### ########  ######## ########     ###     ######  ########
     ##        ##  ##     ## ##       ##     ##  ##   ##  ##       ##
     ######    ##  ########  ######   ########  #########  ######  ######
     ##        ##  ##    ##  ##       ##     ## ##     ##       ## ##
     ##       #### ##     ## ######## ########  ##     ##  ######  ########

You're about to initialize a Firebase project in this directory:

  C:\Users\fujii akihiro\OneDrive\デスクトップ\todofire

Before we get started, keep in mind:

  * You are initializing within an existing Firebase project directory

[debug] [2022-11-10T10:29:50.189Z] <<< [apiv2][status] GET https://firebase-public.firebaseio.com/cli.json 200
[debug] [2022-11-10T10:29:50.190Z] <<< [apiv2][body] GET https://firebase-public.firebaseio.com/cli.json {"cloudBuildErrorAfter":1594252800000,"cloudBuildWarnAfter":1590019200000,"defaultNode10After":1594252800000,"minVersion":"3.0.5","node8DeploysDisabledAfter":1613390400000,"node8RuntimeDisabledAfter":1615809600000,"node8WarnAfter":1600128000000}
